Unity Editor version:    2021.3.25f1 (68ef2c4f8861)
Branch:                  2021.3/staging
Build type:              Release
Batch mode:              YES
macOS version:           Version 12.5.1 (Build 21G83)
Darwin version:          21.6.0
Architecture:            arm64
Running under Rosetta:   NO
Available memory:        16384 MB
Using pre-set license
Pro License: YES

COMMAND LINE ARGUMENTS:
/Applications/Unity/Hub/Editor/2021.3.25f1/Unity.app/Contents/MacOS/Unity
-adb2
-batchMode
-noUpm
-name
AssetImportWorker0
-projectPath
/Users/kimsuyeon/Documents/code/Move and draw 복사본
-logFile
Logs/AssetImportWorker0.log
-srvPort
49483
Successfully changed project path to: /Users/kimsuyeon/Documents/code/Move and draw 복사본
/Users/kimsuyeon/Documents/code/Move and draw 복사본
[UnityMemory] Configuration Parameters - Can be set up in boot.config
    "memorysetup-bucket-allocator-granularity=16"
    "memorysetup-bucket-allocator-bucket-count=8"
    "memorysetup-bucket-allocator-block-size=33554432"
    "memorysetup-bucket-allocator-block-count=8"
    "memorysetup-main-allocator-block-size=16777216"
    "memorysetup-thread-allocator-block-size=16777216"
    "memorysetup-gfx-main-allocator-block-size=16777216"
    "memorysetup-gfx-thread-allocator-block-size=16777216"
    "memorysetup-cache-allocator-block-size=4194304"
    "memorysetup-typetree-allocator-block-size=2097152"
    "memorysetup-profiler-bucket-allocator-granularity=16"
    "memorysetup-profiler-bucket-allocator-bucket-count=8"
    "memorysetup-profiler-bucket-allocator-block-size=33554432"
    "memorysetup-profiler-bucket-allocator-block-count=8"
    "memorysetup-profiler-allocator-block-size=16777216"
    "memorysetup-profiler-editor-allocator-block-size=1048576"
    "memorysetup-temp-allocator-size-main=16777216"
    "memorysetup-job-temp-allocator-block-size=2097152"
    "memorysetup-job-temp-allocator-block-size-background=1048576"
    "memorysetup-job-temp-allocator-reduction-small-platforms=262144"
    "memorysetup-temp-allocator-size-background-worker=32768"
    "memorysetup-temp-allocator-size-job-worker=262144"
    "memorysetup-temp-allocator-size-preload-manager=33554432"
    "memorysetup-temp-allocator-size-nav-mesh-worker=65536"
    "memorysetup-temp-allocator-size-audio-worker=65536"
    "memorysetup-temp-allocator-size-cloud-worker=32768"
    "memorysetup-temp-allocator-size-gi-baking-worker=262144"
    "memorysetup-temp-allocator-size-gfx=262144"
Player connection [4438984064] Host "[IP] 172.31.191.235 [Port] 0 [Flags] 2 [Guid] 2523732868 [EditorId] 2523732868 [Version] 1048832 [Id] OSXEditor(0,gimsuyeon-ui-MacBookAir.local) [Debug] 1 [PackageName] OSXEditor [ProjectName] Editor" joined multi-casting on [225.0.0.222:54997]...

Player connection [4438984064] Host "[IP] 172.31.191.235 [Port] 0 [Flags] 2 [Guid] 2523732868 [EditorId] 2523732868 [Version] 1048832 [Id] OSXEditor(0,gimsuyeon-ui-MacBookAir.local) [Debug] 1 [PackageName] OSXEditor [ProjectName] Editor" joined alternative multi-casting on [225.0.0.222:34997]...

Refreshing native plugins compatible for Editor in 84.64 ms, found 3 plugins.
Preloading 1 native plugins for Editor in 4.08 ms.
Initialize engine version: 2021.3.25f1 (68ef2c4f8861)
[Subsystems] Discovering subsystems at path /Applications/Unity/Hub/Editor/2021.3.25f1/Unity.app/Contents/Resources/UnitySubsystems
[Subsystems] Discovering subsystems at path /Users/kimsuyeon/Documents/code/Move and draw 복사본/Assets
GfxDevice: creating device client; threaded=0; jobified=0
 preferred device: Apple M1 (high power)
Metal devices available: 1
0: Apple M1 (high power)
Using device Apple M1 (high power)
Initializing Metal device caps: Apple M1
Initialize mono
Mono path[0] = '/Applications/Unity/Hub/Editor/2021.3.25f1/Unity.app/Contents/Managed'
Mono path[1] = '/Applications/Unity/Hub/Editor/2021.3.25f1/Unity.app/Contents/MonoBleedingEdge/lib/mono/unityjit-macos'
Mono config path = '/Applications/Unity/Hub/Editor/2021.3.25f1/Unity.app/Contents/MonoBleedingEdge/etc'
Using monoOptions --debugger-agent=transport=dt_socket,embedding=1,server=y,suspend=n,address=127.0.0.1:56351
Begin MonoManager ReloadAssembly
Registering precompiled unity dll's ...
Register platform support module: /Applications/Unity/Hub/Editor/2021.3.25f1/Unity.app/Contents/PlaybackEngines/MacStandaloneSupport/UnityEditor.OSXStandalone.Extensions.dll
Registered in 0.001484 seconds.
Native extension for OSXStandalone target not found
Refreshing native plugins compatible for Editor in 78.94 ms, found 3 plugins.
Preloading 1 native plugins for Editor in 0.24 ms.
Mono: successfully reloaded assembly
- Completed reload, in  0.450 seconds
Domain Reload Profiling:
	ReloadAssembly (450ms)
		BeginReloadAssembly (78ms)
			ExecutionOrderSort (0ms)
			DisableScriptedObjects (0ms)
			BackupInstance (0ms)
			ReleaseScriptingObjects (0ms)
			CreateAndSetChildDomain (0ms)
		EndReloadAssembly (312ms)
			LoadAssemblies (78ms)
			RebuildTransferFunctionScriptingTraits (0ms)
			SetupTypeCache (72ms)
			ReleaseScriptCaches (0ms)
			RebuildScriptCaches (21ms)
			SetupLoadedEditorAssemblies (189ms)
				LogAssemblyErrors (0ms)
				InitializePlatformSupportModulesInManaged (4ms)
				SetLoadedEditorAssemblies (0ms)
				RefreshPlugins (79ms)
				BeforeProcessingInitializeOnLoad (1ms)
				ProcessInitializeOnLoadAttributes (78ms)
				ProcessInitializeOnLoadMethodAttributes (27ms)
				AfterProcessingInitializeOnLoad (0ms)
				EditorAssembliesLoaded (0ms)
			ExecutionOrderSort2 (0ms)
			AwakeInstancesAfterBackupRestoration (0ms)
Platform modules already initialized, skipping
Registering precompiled user dll's ...
Registered in 0.007000 seconds.
Begin MonoManager ReloadAssembly
Symbol file LoadedFromMemory doesn't match image /Users/kimsuyeon/Documents/code/Move and draw 복사본/Library/PackageCache/com.unity.visualscripting@1.8.0/Editor/VisualScripting.Core/Dependencies/DotNetZip/Unity.VisualScripting.IonicZip.dll
Symbol file LoadedFromMemory doesn't match image /Users/kimsuyeon/Documents/code/Move and draw 복사본/Library/PackageCache/com.unity.visualscripting@1.8.0/Editor/VisualScripting.Core/Dependencies/YamlDotNet/Unity.VisualScripting.YamlDotNet.dll
Native extension for OSXStandalone target not found
Refreshing native plugins compatible for Editor in 79.76 ms, found 3 plugins.
Preloading 1 native plugins for Editor in 0.26 ms.
Package Manager log level set to [2]
Mono: successfully reloaded assembly
- Completed reload, in  0.866 seconds
Domain Reload Profiling:
	ReloadAssembly (866ms)
		BeginReloadAssembly (78ms)
			ExecutionOrderSort (0ms)
			DisableScriptedObjects (4ms)
			BackupInstance (0ms)
			ReleaseScriptingObjects (0ms)
			CreateAndSetChildDomain (24ms)
		EndReloadAssembly (719ms)
			LoadAssemblies (75ms)
			RebuildTransferFunctionScriptingTraits (0ms)
			SetupTypeCache (203ms)
			ReleaseScriptCaches (0ms)
			RebuildScriptCaches (47ms)
			SetupLoadedEditorAssemblies (363ms)
				LogAssemblyErrors (0ms)
				InitializePlatformSupportModulesInManaged (2ms)
				SetLoadedEditorAssemblies (0ms)
				RefreshPlugins (80ms)
				BeforeProcessingInitializeOnLoad (72ms)
				ProcessInitializeOnLoadAttributes (187ms)
				ProcessInitializeOnLoadMethodAttributes (21ms)
				AfterProcessingInitializeOnLoad (1ms)
				EditorAssembliesLoaded (0ms)
			ExecutionOrderSort2 (0ms)
			AwakeInstancesAfterBackupRestoration (2ms)
Platform modules already initialized, skipping
========================================================================
Worker process is ready to serve import requests
Launching external process: /Applications/Unity/Hub/Editor/2021.3.25f1/Unity.app/Contents/Tools/UnityShaderCompiler
Launched and connected shader compiler UnityShaderCompiler after 0.04 seconds
Refreshing native plugins compatible for Editor in 0.51 ms, found 3 plugins.
Preloading 1 native plugins for Editor in 0.16 ms.
Unloading 4334 Unused Serialized files (Serialized files now loaded: 0)
Unloading 52 unused Assets / (96.9 KB). Loaded Objects now: 4815.
Memory consumption went from 274.4 MB to 274.3 MB.
Total: 2.485917 ms (FindLiveObjects: 0.156542 ms CreateObjectMapping: 0.060625 ms MarkObjects: 2.162291 ms  DeleteObjects: 0.105875 ms)

AssetImportParameters requested are different than current active one (requested -> active):
  custom:video-decoder-ogg-theora: a1e56fd34408186e4bbccfd4996cb3dc -> 
  custom:container-muxer-webm: aa71ff27fc2769a1b78a27578f13a17b -> 
  custom:container-demuxer-webm: 4f35f7cbe854078d1ac9338744f61a02 -> 
  custom:video-encoder-webm-vp8: eb34c28f22e8b96e1ab97ce403110664 -> 
  custom:framework-osx-AVFoundation: e770b220cccbd017edd2c1fefb359320 -> 
  custom:audio-encoder-webm-vorbis: bf7c407c2cedff20999df2af8eb42d56 -> 
  custom:container-demuxer-ogg: 62fdf1f143b41e24485cea50d1cbac27 -> 
  custom:video-decoder-webm-vp8: 9c59270c3fd7afecdb556c50c9e8de78 -> 
  custom:audio-decoder-ogg-vorbis: bf7c407c2cedff20999df2af8eb42d56 -> 
========================================================================
Received Import Request.
  Time since last request: 3707.997862 seconds.
  path: Assets/Scenes/draw scene TEst.unity
  artifactKey: Guid(8c00cd1491a674ceb8b103fb34920d6b) Importer(815301076,1909f56bfc062723c751e8b465ee728b)
Start importing Assets/Scenes/draw scene TEst.unity using Guid(8c00cd1491a674ceb8b103fb34920d6b) Importer(815301076,1909f56bfc062723c751e8b465ee728b)  -> (artifact id: '828e67ba13fcf88c62ecebd00fa37f94') in 0.007024 seconds 
========================================================================
Received Import Request.
  Time since last request: 8.394890 seconds.
  path: Assets/Scenes/draw scene.unity
  artifactKey: Guid(9fc0d4010bbf28b4594072e72b8655ab) Importer(815301076,1909f56bfc062723c751e8b465ee728b)
Start importing Assets/Scenes/draw scene.unity using Guid(9fc0d4010bbf28b4594072e72b8655ab) Importer(815301076,1909f56bfc062723c751e8b465ee728b)  -> (artifact id: 'b33f293971f3b209b69d5ec542643fb8') in 0.001178 seconds 
========================================================================
Received Prepare
Registering precompiled user dll's ...
Registered in 0.007795 seconds.
Begin MonoManager ReloadAssembly
Thread 0x298f87000 may have been prematurely finalized
Symbol file LoadedFromMemory doesn't match image /Users/kimsuyeon/Documents/code/Move and draw 복사본/Library/PackageCache/com.unity.visualscripting@1.8.0/Editor/VisualScripting.Core/Dependencies/DotNetZip/Unity.VisualScripting.IonicZip.dll
Symbol file LoadedFromMemory doesn't match image /Users/kimsuyeon/Documents/code/Move and draw 복사본/Library/PackageCache/com.unity.visualscripting@1.8.0/Editor/VisualScripting.Core/Dependencies/YamlDotNet/Unity.VisualScripting.YamlDotNet.dll
Native extension for OSXStandalone target not found
Refreshing native plugins compatible for Editor in 0.75 ms, found 3 plugins.
Preloading 1 native plugins for Editor in 0.23 ms.
Mono: successfully reloaded assembly
- Completed reload, in  0.822 seconds
Domain Reload Profiling:
	ReloadAssembly (822ms)
		BeginReloadAssembly (148ms)
			ExecutionOrderSort (0ms)
			DisableScriptedObjects (3ms)
			BackupInstance (0ms)
			ReleaseScriptingObjects (0ms)
			CreateAndSetChildDomain (67ms)
		EndReloadAssembly (613ms)
			LoadAssemblies (90ms)
			RebuildTransferFunctionScriptingTraits (0ms)
			SetupTypeCache (216ms)
			ReleaseScriptCaches (1ms)
			RebuildScriptCaches (36ms)
			SetupLoadedEditorAssemblies (243ms)
				LogAssemblyErrors (0ms)
				InitializePlatformSupportModulesInManaged (3ms)
				SetLoadedEditorAssemblies (0ms)
				RefreshPlugins (1ms)
				BeforeProcessingInitializeOnLoad (47ms)
				ProcessInitializeOnLoadAttributes (170ms)
				ProcessInitializeOnLoadMethodAttributes (21ms)
				AfterProcessingInitializeOnLoad (1ms)
				EditorAssembliesLoaded (0ms)
			ExecutionOrderSort2 (0ms)
			AwakeInstancesAfterBackupRestoration (3ms)
Platform modules already initialized, skipping
Refreshing native plugins compatible for Editor in 2.12 ms, found 3 plugins.
Preloading 1 native plugins for Editor in 0.22 ms.
Unloading 4470 Unused Serialized files (Serialized files now loaded: 0)
Unloading 66 unused Assets / (5.6 MB). Loaded Objects now: 4982.
Memory consumption went from 282.7 MB to 277.1 MB.
Total: 3.200958 ms (FindLiveObjects: 0.172708 ms CreateObjectMapping: 0.062125 ms MarkObjects: 2.338334 ms  DeleteObjects: 0.627167 ms)

AssetImportParameters requested are different than current active one (requested -> active):
  custom:video-decoder-ogg-theora: a1e56fd34408186e4bbccfd4996cb3dc -> 
  custom:container-muxer-webm: aa71ff27fc2769a1b78a27578f13a17b -> 
  custom:container-demuxer-webm: 4f35f7cbe854078d1ac9338744f61a02 -> 
  custom:video-encoder-webm-vp8: eb34c28f22e8b96e1ab97ce403110664 -> 
  custom:framework-osx-AVFoundation: e770b220cccbd017edd2c1fefb359320 -> 
  custom:audio-encoder-webm-vorbis: bf7c407c2cedff20999df2af8eb42d56 -> 
  custom:container-demuxer-ogg: 62fdf1f143b41e24485cea50d1cbac27 -> 
  custom:video-decoder-webm-vp8: 9c59270c3fd7afecdb556c50c9e8de78 -> 
  custom:audio-decoder-ogg-vorbis: bf7c407c2cedff20999df2af8eb42d56 -> 
========================================================================
Received Import Request.
  Time since last request: 1319.093320 seconds.
  path: Assets/Plugins/CW
  artifactKey: Guid(d36a1d95743324de1846174b5e76a876) Importer(815301076,1909f56bfc062723c751e8b465ee728b)
Start importing Assets/Plugins/CW using Guid(d36a1d95743324de1846174b5e76a876) Importer(815301076,1909f56bfc062723c751e8b465ee728b)  -> (artifact id: 'd931ae20c65746e3506b612463ecaf77') in 0.008392 seconds 
========================================================================
Received Import Request.
  Time since last request: 5.757023 seconds.
  path: Assets/Plugins/CW/PaintIn3D
  artifactKey: Guid(7c18e476b1bd6dd4b8564d76262195e9) Importer(815301076,1909f56bfc062723c751e8b465ee728b)
Start importing Assets/Plugins/CW/PaintIn3D using Guid(7c18e476b1bd6dd4b8564d76262195e9) Importer(815301076,1909f56bfc062723c751e8b465ee728b)  -> (artifact id: 'a1feb65862aa5b956fc66ebdb3da0455') in 0.017993 seconds 
========================================================================
Received Import Request.
  Time since last request: 2.125245 seconds.
  path: Assets/Plugins/CW/PaintIn3D/Examples
  artifactKey: Guid(571298082d320b448879abbd0046c9dc) Importer(815301076,1909f56bfc062723c751e8b465ee728b)
Start importing Assets/Plugins/CW/PaintIn3D/Examples using Guid(571298082d320b448879abbd0046c9dc) Importer(815301076,1909f56bfc062723c751e8b465ee728b)  -> (artifact id: 'f76596ba20eb880376744fea03304559') in 0.000960 seconds 
========================================================================
Received Import Request.
  Time since last request: 1.796066 seconds.
  path: Assets/Plugins/CW/PaintIn3D/Examples/01 Basic Setup.unity
  artifactKey: Guid(9367cc25c8ed61044a12babc8b0b59cf) Importer(815301076,1909f56bfc062723c751e8b465ee728b)
Start importing Assets/Plugins/CW/PaintIn3D/Examples/01 Basic Setup.unity using Guid(9367cc25c8ed61044a12babc8b0b59cf) Importer(815301076,1909f56bfc062723c751e8b465ee728b)  -> (artifact id: '0673d56f3b7da33e90ebb1ee9f3894d3') in 0.001118 seconds 
========================================================================
Received Import Request.
  Time since last request: 13.905461 seconds.
  path: Assets/Plugins/CW/PaintIn3D/Examples/Textures
  artifactKey: Guid(a44c5f3f5f8211949be9bb5d2a55f5a1) Importer(815301076,1909f56bfc062723c751e8b465ee728b)
Start importing Assets/Plugins/CW/PaintIn3D/Examples/Textures using Guid(a44c5f3f5f8211949be9bb5d2a55f5a1) Importer(815301076,1909f56bfc062723c751e8b465ee728b)  -> (artifact id: 'ec7ba55ac109e6db69e56cd2205b6c1d') in 0.001191 seconds 
========================================================================
Received Import Request.
  Time since last request: 3.035405 seconds.
  path: Assets/Plugins/CW/PaintIn3D/Examples/Textures/SeamlessSlime_Normal.png
  artifactKey: Guid(b9cd2e06a1646ff468ffc15236a14b90) Importer(815301076,1909f56bfc062723c751e8b465ee728b)
Start importing Assets/Plugins/CW/PaintIn3D/Examples/Textures/SeamlessSlime_Normal.png using Guid(b9cd2e06a1646ff468ffc15236a14b90) Importer(815301076,1909f56bfc062723c751e8b465ee728b)  -> (artifact id: '1d8b8fb23f1704f66dffdf130f39bf64') in 0.350626 seconds 
========================================================================
Received Import Request.
  Time since last request: 8.494623 seconds.
  path: Assets/Plugins/CW/PaintIn3D/Examples/Prefabs/Tool Button.prefab
  artifactKey: Guid(dc0549ab540e5544ca836e9d9901efd1) Importer(815301076,1909f56bfc062723c751e8b465ee728b)
Start importing Assets/Plugins/CW/PaintIn3D/Examples/Prefabs/Tool Button.prefab using Guid(dc0549ab540e5544ca836e9d9901efd1) Importer(815301076,1909f56bfc062723c751e8b465ee728b)  -> (artifact id: 'c418522bcb0703d01708a41bd630880e') in 0.043277 seconds 
========================================================================
Received Import Request.
  Time since last request: 8.793252 seconds.
  path: Assets/Plugins/CW/PaintInEditor/Packs
  artifactKey: Guid(62cbc01bf937032438f0c55a53f743cc) Importer(815301076,1909f56bfc062723c751e8b465ee728b)
Start importing Assets/Plugins/CW/PaintInEditor/Packs using Guid(62cbc01bf937032438f0c55a53f743cc) Importer(815301076,1909f56bfc062723c751e8b465ee728b)  -> (artifact id: 'e4e106fa38a26fca89aeb58c4f617bf8') in 0.001097 seconds 
========================================================================
Received Import Request.
  Time since last request: 1.639027 seconds.
  path: Assets/Plugins/CW/PaintInEditor/Packs/Basic Pack
  artifactKey: Guid(a2937f38d9fbe504fb36111bf78af312) Importer(815301076,1909f56bfc062723c751e8b465ee728b)
Start importing Assets/Plugins/CW/PaintInEditor/Packs/Basic Pack using Guid(a2937f38d9fbe504fb36111bf78af312) Importer(815301076,1909f56bfc062723c751e8b465ee728b)  -> (artifact id: 'db0cfde9ed5853a7e40d52af71815a8f') in 0.001070 seconds 
========================================================================
Received Import Request.
  Time since last request: 1.758463 seconds.
  path: Assets/Plugins/CW/PaintInEditor/Packs/Basic Pack/Brushes
  artifactKey: Guid(f4a787c8b5a6a2241859a8a6ce6c2c56) Importer(815301076,1909f56bfc062723c751e8b465ee728b)
Start importing Assets/Plugins/CW/PaintInEditor/Packs/Basic Pack/Brushes using Guid(f4a787c8b5a6a2241859a8a6ce6c2c56) Importer(815301076,1909f56bfc062723c751e8b465ee728b)  -> (artifact id: 'cafa86a96444677d0ce866ae471bd7d3') in 0.001342 seconds 
========================================================================
Received Import Request.
  Time since last request: 1.069824 seconds.
  path: Assets/Plugins/CW/PaintInEditor/Packs/Basic Pack/Brushes/NewBrush 1.prefab
  artifactKey: Guid(74296b696b7d32a45ba6cfd91ce18c57) Importer(815301076,1909f56bfc062723c751e8b465ee728b)
Start importing Assets/Plugins/CW/PaintInEditor/Packs/Basic Pack/Brushes/NewBrush 1.prefab using Guid(74296b696b7d32a45ba6cfd91ce18c57) Importer(815301076,1909f56bfc062723c751e8b465ee728b)  -> (artifact id: 'ef224c3e1a0fa2de15aa0e010c6c6962') in 0.012528 seconds 
========================================================================
Received Import Request.
  Time since last request: 1.342682 seconds.
  path: Assets/Plugins/CW/PaintInEditor/Packs/Basic Pack/Brushes/NewBrush.prefab
  artifactKey: Guid(930a88640c76b6b4987555e71a7d1d49) Importer(815301076,1909f56bfc062723c751e8b465ee728b)
Start importing Assets/Plugins/CW/PaintInEditor/Packs/Basic Pack/Brushes/NewBrush.prefab using Guid(930a88640c76b6b4987555e71a7d1d49) Importer(815301076,1909f56bfc062723c751e8b465ee728b)  -> (artifact id: 'cc4b9c1c1c3217e3dea4d8a5f72feb4c') in 0.008433 seconds 
========================================================================
Received Import Request.
  Time since last request: 7.417225 seconds.
  path: Assets/Plugins/CW/PaintIn3D/package.json
  artifactKey: Guid(429ba597015af984bac7e0f310861d1a) Importer(815301076,1909f56bfc062723c751e8b465ee728b)
Start importing Assets/Plugins/CW/PaintIn3D/package.json using Guid(429ba597015af984bac7e0f310861d1a) Importer(815301076,1909f56bfc062723c751e8b465ee728b)  -> (artifact id: 'cc3035e7f038b12d023cd2fb33231034') in 0.488392 seconds 
========================================================================
Received Import Request.
  Time since last request: 4.304522 seconds.
  path: Assets/Plugins/CW/PaintIn3D/PaintIn3D_Game.asmdef
  artifactKey: Guid(cca11dcf158d04c4eb80eb346d39e2ad) Importer(815301076,1909f56bfc062723c751e8b465ee728b)
Start importing Assets/Plugins/CW/PaintIn3D/PaintIn3D_Game.asmdef using Guid(cca11dcf158d04c4eb80eb346d39e2ad) Importer(815301076,1909f56bfc062723c751e8b465ee728b)  -> (artifact id: '3ecc960c9336d3bb366617ba8483cdb2') in 0.028671 seconds 
========================================================================
Received Import Request.
  Time since last request: 8.013137 seconds.
  path: Assets/Plugins/CW/PaintIn3D/Examples/05    Cube.unity
  artifactKey: Guid(8cb12329dd5573249982d285d8a98ec7) Importer(815301076,1909f56bfc062723c751e8b465ee728b)
Start importing Assets/Plugins/CW/PaintIn3D/Examples/05    Cube.unity using Guid(8cb12329dd5573249982d285d8a98ec7) Importer(815301076,1909f56bfc062723c751e8b465ee728b)  -> (artifact id: 'd1222243ba327e887663f9d5fcd81bab') in 0.001250 seconds 
========================================================================
Received Import Request.
  Time since last request: 0.892203 seconds.
  path: Assets/Plugins/CW/PaintIn3D/Examples/07 Auto UV.unity
  artifactKey: Guid(40534bda8df37ac46821dea4acfe51b3) Importer(815301076,1909f56bfc062723c751e8b465ee728b)
Start importing Assets/Plugins/CW/PaintIn3D/Examples/07 Auto UV.unity using Guid(40534bda8df37ac46821dea4acfe51b3) Importer(815301076,1909f56bfc062723c751e8b465ee728b)  -> (artifact id: '32498e7f75adbe7b87db1cb1e15110b3') in 0.001373 seconds 
========================================================================
Received Import Request.
  Time since last request: 0.974069 seconds.
  path: Assets/Plugins/CW/PaintIn3D/Examples/04 Unsuitable UV.unity
  artifactKey: Guid(782aba8970cae4b45a5994970159396f) Importer(815301076,1909f56bfc062723c751e8b465ee728b)
Start importing Assets/Plugins/CW/PaintIn3D/Examples/04 Unsuitable UV.unity using Guid(782aba8970cae4b45a5994970159396f) Importer(815301076,1909f56bfc062723c751e8b465ee728b)  -> (artifact id: 'caafa82c8d42d078294807ad0f589f6b') in 0.001211 seconds 
========================================================================
Received Import Request.
  Time since last request: 8.241280 seconds.
  path: Assets/Plugins/CW/PaintIn3D/Examples/03    Auto Seam Fix.unity
  artifactKey: Guid(3859684c736ea9d489838a8632513075) Importer(815301076,1909f56bfc062723c751e8b465ee728b)
Start importing Assets/Plugins/CW/PaintIn3D/Examples/03    Auto Seam Fix.unity using Guid(3859684c736ea9d489838a8632513075) Importer(815301076,1909f56bfc062723c751e8b465ee728b)  -> (artifact id: '87a431e60384acc5f465188799f4832c') in 0.001303 seconds 
========================================================================
Received Import Request.
  Time since last request: 0.663302 seconds.
  path: Assets/Plugins/CW/PaintIn3D/Examples/02 Seam Fixer.unity
  artifactKey: Guid(f709d3c2ef3f8d44fbf839140d843dc6) Importer(815301076,1909f56bfc062723c751e8b465ee728b)
Start importing Assets/Plugins/CW/PaintIn3D/Examples/02 Seam Fixer.unity using Guid(f709d3c2ef3f8d44fbf839140d843dc6) Importer(815301076,1909f56bfc062723c751e8b465ee728b)  -> (artifact id: '754e68b6000432015bc74ed48f0d8605') in 0.001288 seconds 
========================================================================
Received Import Request.
  Time since last request: 8.181252 seconds.
  path: Assets/Plugins/CW/PaintIn3D/Examples/Elements/Brush.png
  artifactKey: Guid(442a55498fd0aa24db26e0bb31970c81) Importer(815301076,1909f56bfc062723c751e8b465ee728b)
Start importing Assets/Plugins/CW/PaintIn3D/Examples/Elements/Brush.png using Guid(442a55498fd0aa24db26e0bb31970c81) Importer(815301076,1909f56bfc062723c751e8b465ee728b)  -> (artifact id: 'bc580f64b7df845df0eea8f9cbae0f77') in 0.027453 seconds 
========================================================================
Received Import Request.
  Time since last request: 14.195974 seconds.
  path: Assets/Plugins/CW/PaintIn3D/Examples/Scripts/P3dActionOnEnable.cs
  artifactKey: Guid(a22161647a5245e4d8c05411a11db616) Importer(815301076,1909f56bfc062723c751e8b465ee728b)
Start importing Assets/Plugins/CW/PaintIn3D/Examples/Scripts/P3dActionOnEnable.cs using Guid(a22161647a5245e4d8c05411a11db616) Importer(815301076,1909f56bfc062723c751e8b465ee728b)  -> (artifact id: 'babdaad03212b91667dc2c88bc3739a6') in 0.100888 seconds 
========================================================================
Received Import Request.
  Time since last request: 0.439656 seconds.
  path: Assets/Plugins/CW/PaintIn3D/Examples/Scripts/P3dCommandSerialization.cs
  artifactKey: Guid(55a33d28e89214142ad1a15f83d95457) Importer(815301076,1909f56bfc062723c751e8b465ee728b)
Start importing Assets/Plugins/CW/PaintIn3D/Examples/Scripts/P3dCommandSerialization.cs using Guid(55a33d28e89214142ad1a15f83d95457) Importer(815301076,1909f56bfc062723c751e8b465ee728b)  -> (artifact id: '814cc32f2ba8a8fd8ad3329d181fbfb0') in 0.001039 seconds 
========================================================================
Received Import Request.
  Time since last request: 0.576963 seconds.
  path: Assets/Plugins/CW/PaintIn3D/Examples/Scripts/P3dDestroyAfterTime.cs
  artifactKey: Guid(c6f5033e3ef44444888c8e482ef15ad0) Importer(815301076,1909f56bfc062723c751e8b465ee728b)
Start importing Assets/Plugins/CW/PaintIn3D/Examples/Scripts/P3dDestroyAfterTime.cs using Guid(c6f5033e3ef44444888c8e482ef15ad0) Importer(815301076,1909f56bfc062723c751e8b465ee728b)  -> (artifact id: '5c65a2ae60067781106a987a05e2fd53') in 0.001116 seconds 
========================================================================
Received Import Request.
  Time since last request: 0.540288 seconds.
  path: Assets/Plugins/CW/PaintIn3D/Examples/Scripts/P3dDragPitchYaw.cs
  artifactKey: Guid(f03991d7f4c8faa418cdb263fb78c08c) Importer(815301076,1909f56bfc062723c751e8b465ee728b)
Start importing Assets/Plugins/CW/PaintIn3D/Examples/Scripts/P3dDragPitchYaw.cs using Guid(f03991d7f4c8faa418cdb263fb78c08c) Importer(815301076,1909f56bfc062723c751e8b465ee728b)  -> (artifact id: 'c7b5bc96930fe077d01208795aeaec60') in 0.001094 seconds 
========================================================================
Received Import Request.
  Time since last request: 4.014568 seconds.
  path: Assets/Plugins/CW/PaintIn3D/Examples/Scripts/P3dGenerateMask.cs
  artifactKey: Guid(aafc1eaaf6674314b9e7e986c7aa8913) Importer(815301076,1909f56bfc062723c751e8b465ee728b)
Start importing Assets/Plugins/CW/PaintIn3D/Examples/Scripts/P3dGenerateMask.cs using Guid(aafc1eaaf6674314b9e7e986c7aa8913) Importer(815301076,1909f56bfc062723c751e8b465ee728b)  -> (artifact id: '4b3cab452d62d8e4fc9de2bfe8822615') in 0.001159 seconds 
========================================================================
Received Import Request.
  Time since last request: 0.591007 seconds.
  path: Assets/Plugins/CW/PaintIn3D/Examples/Scripts/P3dInputAxis.cs
  artifactKey: Guid(d686bb9f4e7546944a8681f59304023b) Importer(815301076,1909f56bfc062723c751e8b465ee728b)
Start importing Assets/Plugins/CW/PaintIn3D/Examples/Scripts/P3dInputAxis.cs using Guid(d686bb9f4e7546944a8681f59304023b) Importer(815301076,1909f56bfc062723c751e8b465ee728b)  -> (artifact id: '6aba9e777b3745d834776337be439c10') in 0.001210 seconds 
========================================================================
Received Import Request.
  Time since last request: 13.040961 seconds.
  path: Assets/Plugins/CW/PaintInEditor
  artifactKey: Guid(18f3814c2c649664fb81b00805ba3022) Importer(815301076,1909f56bfc062723c751e8b465ee728b)
Start importing Assets/Plugins/CW/PaintInEditor using Guid(18f3814c2c649664fb81b00805ba3022) Importer(815301076,1909f56bfc062723c751e8b465ee728b)  -> (artifact id: '241330a43a61192047daf19f3ac5c22b') in 0.001207 seconds 
========================================================================
Received Import Request.
  Time since last request: 5.306841 seconds.
  path: Assets/Plugins/CW/PaintInEditor/Packs/Basic Pack/Materials
  artifactKey: Guid(90c599eb9bc0a974fa3f145ba25f6940) Importer(815301076,1909f56bfc062723c751e8b465ee728b)
Start importing Assets/Plugins/CW/PaintInEditor/Packs/Basic Pack/Materials using Guid(90c599eb9bc0a974fa3f145ba25f6940) Importer(815301076,1909f56bfc062723c751e8b465ee728b)  -> (artifact id: 'fa05e60312f05de2257c27dc50470850') in 0.001629 seconds 
========================================================================
Received Prepare
Registering precompiled user dll's ...
Registered in 0.002221 seconds.
Begin MonoManager ReloadAssembly
Thread 0x16db13000 may have been prematurely finalized
Symbol file LoadedFromMemory doesn't match image /Users/kimsuyeon/Documents/code/Move and draw 복사본/Library/PackageCache/com.unity.visualscripting@1.8.0/Editor/VisualScripting.Core/Dependencies/DotNetZip/Unity.VisualScripting.IonicZip.dll
Symbol file LoadedFromMemory doesn't match image /Users/kimsuyeon/Documents/code/Move and draw 복사본/Library/PackageCache/com.unity.visualscripting@1.8.0/Editor/VisualScripting.Core/Dependencies/YamlDotNet/Unity.VisualScripting.YamlDotNet.dll
Native extension for OSXStandalone target not found
Refreshing native plugins compatible for Editor in 0.80 ms, found 3 plugins.
Preloading 1 native plugins for Editor in 0.27 ms.
Mono: successfully reloaded assembly
- Completed reload, in  0.739 seconds
Domain Reload Profiling:
	ReloadAssembly (740ms)
		BeginReloadAssembly (106ms)
			ExecutionOrderSort (0ms)
			DisableScriptedObjects (3ms)
			BackupInstance (0ms)
			ReleaseScriptingObjects (0ms)
			CreateAndSetChildDomain (48ms)
		EndReloadAssembly (574ms)
			LoadAssemblies (41ms)
			RebuildTransferFunctionScriptingTraits (0ms)
			SetupTypeCache (212ms)
			ReleaseScriptCaches (1ms)
			RebuildScriptCaches (33ms)
			SetupLoadedEditorAssemblies (244ms)
				LogAssemblyErrors (0ms)
				InitializePlatformSupportModulesInManaged (3ms)
				SetLoadedEditorAssemblies (0ms)
				RefreshPlugins (1ms)
				BeforeProcessingInitializeOnLoad (46ms)
				ProcessInitializeOnLoadAttributes (171ms)
				ProcessInitializeOnLoadMethodAttributes (23ms)
				AfterProcessingInitializeOnLoad (1ms)
				EditorAssembliesLoaded (0ms)
			ExecutionOrderSort2 (0ms)
			AwakeInstancesAfterBackupRestoration (3ms)
Platform modules already initialized, skipping
Refreshing native plugins compatible for Editor in 2.15 ms, found 3 plugins.
Preloading 1 native plugins for Editor in 0.25 ms.
Unloading 4470 Unused Serialized files (Serialized files now loaded: 0)
Unloading 66 unused Assets / (5.6 MB). Loaded Objects now: 4995.
Memory consumption went from 305.5 MB to 300.0 MB.
Total: 3.617750 ms (FindLiveObjects: 0.234333 ms CreateObjectMapping: 0.078500 ms MarkObjects: 2.376417 ms  DeleteObjects: 0.928083 ms)

AssetImportParameters requested are different than current active one (requested -> active):
  custom:video-decoder-ogg-theora: a1e56fd34408186e4bbccfd4996cb3dc -> 
  custom:container-muxer-webm: aa71ff27fc2769a1b78a27578f13a17b -> 
  custom:container-demuxer-webm: 4f35f7cbe854078d1ac9338744f61a02 -> 
  custom:video-encoder-webm-vp8: eb34c28f22e8b96e1ab97ce403110664 -> 
  custom:framework-osx-AVFoundation: e770b220cccbd017edd2c1fefb359320 -> 
  custom:audio-encoder-webm-vorbis: bf7c407c2cedff20999df2af8eb42d56 -> 
  custom:container-demuxer-ogg: 62fdf1f143b41e24485cea50d1cbac27 -> 
  custom:video-decoder-webm-vp8: 9c59270c3fd7afecdb556c50c9e8de78 -> 
  custom:audio-decoder-ogg-vorbis: bf7c407c2cedff20999df2af8eb42d56 -> 
========================================================================
Received Prepare
Registering precompiled user dll's ...
Registered in 0.002111 seconds.
Begin MonoManager ReloadAssembly
Thread 0x16db13000 may have been prematurely finalized
Symbol file LoadedFromMemory doesn't match image /Users/kimsuyeon/Documents/code/Move and draw 복사본/Library/PackageCache/com.unity.visualscripting@1.8.0/Editor/VisualScripting.Core/Dependencies/DotNetZip/Unity.VisualScripting.IonicZip.dll
Symbol file LoadedFromMemory doesn't match image /Users/kimsuyeon/Documents/code/Move and draw 복사본/Library/PackageCache/com.unity.visualscripting@1.8.0/Editor/VisualScripting.Core/Dependencies/YamlDotNet/Unity.VisualScripting.YamlDotNet.dll
Native extension for OSXStandalone target not found
Refreshing native plugins compatible for Editor in 0.70 ms, found 3 plugins.
Preloading 1 native plugins for Editor in 0.26 ms.
Mono: successfully reloaded assembly
- Completed reload, in  0.721 seconds
Domain Reload Profiling:
	ReloadAssembly (721ms)
		BeginReloadAssembly (99ms)
			ExecutionOrderSort (0ms)
			DisableScriptedObjects (3ms)
			BackupInstance (0ms)
			ReleaseScriptingObjects (0ms)
			CreateAndSetChildDomain (41ms)
		EndReloadAssembly (563ms)
			LoadAssemblies (41ms)
			RebuildTransferFunctionScriptingTraits (0ms)
			SetupTypeCache (215ms)
			ReleaseScriptCaches (1ms)
			RebuildScriptCaches (33ms)
			SetupLoadedEditorAssemblies (236ms)
				LogAssemblyErrors (0ms)
				InitializePlatformSupportModulesInManaged (3ms)
				SetLoadedEditorAssemblies (0ms)
				RefreshPlugins (1ms)
				BeforeProcessingInitializeOnLoad (47ms)
				ProcessInitializeOnLoadAttributes (163ms)
				ProcessInitializeOnLoadMethodAttributes (21ms)
				AfterProcessingInitializeOnLoad (1ms)
				EditorAssembliesLoaded (0ms)
			ExecutionOrderSort2 (0ms)
			AwakeInstancesAfterBackupRestoration (2ms)
Platform modules already initialized, skipping
Refreshing native plugins compatible for Editor in 2.18 ms, found 3 plugins.
Preloading 1 native plugins for Editor in 0.21 ms.
Unloading 4470 Unused Serialized files (Serialized files now loaded: 0)
Unloading 66 unused Assets / (5.6 MB). Loaded Objects now: 4999.
Memory consumption went from 305.5 MB to 300.0 MB.
Total: 3.354084 ms (FindLiveObjects: 0.145834 ms CreateObjectMapping: 0.058542 ms MarkObjects: 2.388292 ms  DeleteObjects: 0.760625 ms)

AssetImportParameters requested are different than current active one (requested -> active):
  custom:video-decoder-ogg-theora: a1e56fd34408186e4bbccfd4996cb3dc -> 
  custom:container-muxer-webm: aa71ff27fc2769a1b78a27578f13a17b -> 
  custom:container-demuxer-webm: 4f35f7cbe854078d1ac9338744f61a02 -> 
  custom:video-encoder-webm-vp8: eb34c28f22e8b96e1ab97ce403110664 -> 
  custom:framework-osx-AVFoundation: e770b220cccbd017edd2c1fefb359320 -> 
  custom:audio-encoder-webm-vorbis: bf7c407c2cedff20999df2af8eb42d56 -> 
  custom:container-demuxer-ogg: 62fdf1f143b41e24485cea50d1cbac27 -> 
  custom:video-decoder-webm-vp8: 9c59270c3fd7afecdb556c50c9e8de78 -> 
  custom:audio-decoder-ogg-vorbis: bf7c407c2cedff20999df2af8eb42d56 -> 
========================================================================
Received Import Request.
  Time since last request: 84.379064 seconds.
  path: Assets/Scenes/draw scene TEst.unity
  artifactKey: Guid(8c00cd1491a674ceb8b103fb34920d6b) Importer(815301076,1909f56bfc062723c751e8b465ee728b)
Start importing Assets/Scenes/draw scene TEst.unity using Guid(8c00cd1491a674ceb8b103fb34920d6b) Importer(815301076,1909f56bfc062723c751e8b465ee728b)  -> (artifact id: 'c74190fbc1561dadbdae6729d046535d') in 0.008316 seconds 
========================================================================
Received Import Request.
  Time since last request: 9856.881664 seconds.
  path: Assets/Scenes/Main.unity
  artifactKey: Guid(94f2d9a85b0604ad99045e91902267fa) Importer(815301076,1909f56bfc062723c751e8b465ee728b)
Start importing Assets/Scenes/Main.unity using Guid(94f2d9a85b0604ad99045e91902267fa) Importer(815301076,1909f56bfc062723c751e8b465ee728b)  -> (artifact id: 'f7b64affc118c8af440f7a129aead6a1') in 0.002170 seconds 
========================================================================
Received Import Request.
  Time since last request: 1577.161857 seconds.
  path: Assets/VrMovement.cs
  artifactKey: Guid(2b8ad139a76a64e0b9467274ff3da3b0) Importer(815301076,1909f56bfc062723c751e8b465ee728b)
Start importing Assets/VrMovement.cs using Guid(2b8ad139a76a64e0b9467274ff3da3b0) Importer(815301076,1909f56bfc062723c751e8b465ee728b)  -> (artifact id: 'd3d98e68ca05f635b59db4586f602720') in 0.002317 seconds 
========================================================================
Received Prepare
Registering precompiled user dll's ...
Registered in 0.002135 seconds.
Begin MonoManager ReloadAssembly
Thread 0x16db13000 may have been prematurely finalized
Symbol file LoadedFromMemory doesn't match image /Users/kimsuyeon/Documents/code/Move and draw 복사본/Library/PackageCache/com.unity.visualscripting@1.8.0/Editor/VisualScripting.Core/Dependencies/DotNetZip/Unity.VisualScripting.IonicZip.dll
Symbol file LoadedFromMemory doesn't match image /Users/kimsuyeon/Documents/code/Move and draw 복사본/Library/PackageCache/com.unity.visualscripting@1.8.0/Editor/VisualScripting.Core/Dependencies/YamlDotNet/Unity.VisualScripting.YamlDotNet.dll
Native extension for OSXStandalone target not found
Refreshing native plugins compatible for Editor in 0.70 ms, found 3 plugins.
Preloading 1 native plugins for Editor in 0.28 ms.
Mono: successfully reloaded assembly
- Completed reload, in  0.775 seconds
Domain Reload Profiling:
	ReloadAssembly (775ms)
		BeginReloadAssembly (116ms)
			ExecutionOrderSort (0ms)
			DisableScriptedObjects (3ms)
			BackupInstance (0ms)
			ReleaseScriptingObjects (0ms)
			CreateAndSetChildDomain (52ms)
		EndReloadAssembly (598ms)
			LoadAssemblies (47ms)
			RebuildTransferFunctionScriptingTraits (0ms)
			SetupTypeCache (219ms)
			ReleaseScriptCaches (5ms)
			RebuildScriptCaches (34ms)
			SetupLoadedEditorAssemblies (239ms)
				LogAssemblyErrors (0ms)
				InitializePlatformSupportModulesInManaged (3ms)
				SetLoadedEditorAssemblies (0ms)
				RefreshPlugins (1ms)
				BeforeProcessingInitializeOnLoad (46ms)
				ProcessInitializeOnLoadAttributes (166ms)
				ProcessInitializeOnLoadMethodAttributes (22ms)
				AfterProcessingInitializeOnLoad (1ms)
				EditorAssembliesLoaded (0ms)
			ExecutionOrderSort2 (0ms)
			AwakeInstancesAfterBackupRestoration (3ms)
Platform modules already initialized, skipping
Refreshing native plugins compatible for Editor in 3.67 ms, found 3 plugins.
Preloading 1 native plugins for Editor in 0.19 ms.
Unloading 4470 Unused Serialized files (Serialized files now loaded: 0)
Unloading 66 unused Assets / (5.6 MB). Loaded Objects now: 5003.
Memory consumption went from 305.6 MB to 300.0 MB.
Total: 3.124458 ms (FindLiveObjects: 0.160708 ms CreateObjectMapping: 0.060625 ms MarkObjects: 2.227458 ms  DeleteObjects: 0.675125 ms)

AssetImportParameters requested are different than current active one (requested -> active):
  custom:video-decoder-ogg-theora: a1e56fd34408186e4bbccfd4996cb3dc -> 
  custom:container-muxer-webm: aa71ff27fc2769a1b78a27578f13a17b -> 
  custom:container-demuxer-webm: 4f35f7cbe854078d1ac9338744f61a02 -> 
  custom:video-encoder-webm-vp8: eb34c28f22e8b96e1ab97ce403110664 -> 
  custom:framework-osx-AVFoundation: e770b220cccbd017edd2c1fefb359320 -> 
  custom:audio-encoder-webm-vorbis: bf7c407c2cedff20999df2af8eb42d56 -> 
  custom:container-demuxer-ogg: 62fdf1f143b41e24485cea50d1cbac27 -> 
  custom:video-decoder-webm-vp8: 9c59270c3fd7afecdb556c50c9e8de78 -> 
  custom:audio-decoder-ogg-vorbis: bf7c407c2cedff20999df2af8eb42d56 -> 
========================================================================
Received Prepare
Registering precompiled user dll's ...
Registered in 0.002332 seconds.
Begin MonoManager ReloadAssembly
Thread 0x16db13000 may have been prematurely finalized
Symbol file LoadedFromMemory doesn't match image /Users/kimsuyeon/Documents/code/Move and draw 복사본/Library/PackageCache/com.unity.visualscripting@1.8.0/Editor/VisualScripting.Core/Dependencies/DotNetZip/Unity.VisualScripting.IonicZip.dll
Symbol file LoadedFromMemory doesn't match image /Users/kimsuyeon/Documents/code/Move and draw 복사본/Library/PackageCache/com.unity.visualscripting@1.8.0/Editor/VisualScripting.Core/Dependencies/YamlDotNet/Unity.VisualScripting.YamlDotNet.dll
Native extension for OSXStandalone target not found
Refreshing native plugins compatible for Editor in 0.68 ms, found 3 plugins.
Preloading 1 native plugins for Editor in 0.25 ms.
Mono: successfully reloaded assembly
- Completed reload, in  0.740 seconds
Domain Reload Profiling:
	ReloadAssembly (741ms)
		BeginReloadAssembly (99ms)
			ExecutionOrderSort (0ms)
			DisableScriptedObjects (3ms)
			BackupInstance (0ms)
			ReleaseScriptingObjects (0ms)
			CreateAndSetChildDomain (41ms)
		EndReloadAssembly (582ms)
			LoadAssemblies (41ms)
			RebuildTransferFunctionScriptingTraits (0ms)
			SetupTypeCache (221ms)
			ReleaseScriptCaches (1ms)
			RebuildScriptCaches (33ms)
			SetupLoadedEditorAssemblies (245ms)
				LogAssemblyErrors (0ms)
				InitializePlatformSupportModulesInManaged (3ms)
				SetLoadedEditorAssemblies (0ms)
				RefreshPlugins (1ms)
				BeforeProcessingInitializeOnLoad (46ms)
				ProcessInitializeOnLoadAttributes (171ms)
				ProcessInitializeOnLoadMethodAttributes (23ms)
				AfterProcessingInitializeOnLoad (1ms)
				EditorAssembliesLoaded (0ms)
			ExecutionOrderSort2 (0ms)
			AwakeInstancesAfterBackupRestoration (3ms)
Platform modules already initialized, skipping
Refreshing native plugins compatible for Editor in 2.14 ms, found 3 plugins.
Preloading 1 native plugins for Editor in 0.22 ms.
Unloading 4470 Unused Serialized files (Serialized files now loaded: 0)
Unloading 66 unused Assets / (5.6 MB). Loaded Objects now: 5007.
Memory consumption went from 305.5 MB to 299.9 MB.
Total: 3.340709 ms (FindLiveObjects: 0.163125 ms CreateObjectMapping: 0.066875 ms MarkObjects: 2.310542 ms  DeleteObjects: 0.799667 ms)

AssetImportParameters requested are different than current active one (requested -> active):
  custom:video-decoder-ogg-theora: a1e56fd34408186e4bbccfd4996cb3dc -> 
  custom:container-muxer-webm: aa71ff27fc2769a1b78a27578f13a17b -> 
  custom:container-demuxer-webm: 4f35f7cbe854078d1ac9338744f61a02 -> 
  custom:video-encoder-webm-vp8: eb34c28f22e8b96e1ab97ce403110664 -> 
  custom:framework-osx-AVFoundation: e770b220cccbd017edd2c1fefb359320 -> 
  custom:audio-encoder-webm-vorbis: bf7c407c2cedff20999df2af8eb42d56 -> 
  custom:container-demuxer-ogg: 62fdf1f143b41e24485cea50d1cbac27 -> 
  custom:video-decoder-webm-vp8: 9c59270c3fd7afecdb556c50c9e8de78 -> 
  custom:audio-decoder-ogg-vorbis: bf7c407c2cedff20999df2af8eb42d56 -> 
========================================================================
Received Prepare
Registering precompiled user dll's ...
Registered in 0.002432 seconds.
Begin MonoManager ReloadAssembly
Thread 0x16db13000 may have been prematurely finalized
Symbol file LoadedFromMemory doesn't match image /Users/kimsuyeon/Documents/code/Move and draw 복사본/Library/PackageCache/com.unity.visualscripting@1.8.0/Editor/VisualScripting.Core/Dependencies/DotNetZip/Unity.VisualScripting.IonicZip.dll
Symbol file LoadedFromMemory doesn't match image /Users/kimsuyeon/Documents/code/Move and draw 복사본/Library/PackageCache/com.unity.visualscripting@1.8.0/Editor/VisualScripting.Core/Dependencies/YamlDotNet/Unity.VisualScripting.YamlDotNet.dll
Native extension for OSXStandalone target not found
Refreshing native plugins compatible for Editor in 0.69 ms, found 3 plugins.
Preloading 1 native plugins for Editor in 0.25 ms.
Mono: successfully reloaded assembly
- Completed reload, in  0.777 seconds
Domain Reload Profiling:
	ReloadAssembly (778ms)
		BeginReloadAssembly (114ms)
			ExecutionOrderSort (0ms)
			DisableScriptedObjects (3ms)
			BackupInstance (0ms)
			ReleaseScriptingObjects (0ms)
			CreateAndSetChildDomain (55ms)
		EndReloadAssembly (603ms)
			LoadAssemblies (83ms)
			RebuildTransferFunctionScriptingTraits (0ms)
			SetupTypeCache (212ms)
			ReleaseScriptCaches (1ms)
			RebuildScriptCaches (32ms)
			SetupLoadedEditorAssemblies (235ms)
				LogAssemblyErrors (0ms)
				InitializePlatformSupportModulesInManaged (3ms)
				SetLoadedEditorAssemblies (0ms)
				RefreshPlugins (1ms)
				BeforeProcessingInitializeOnLoad (46ms)
				ProcessInitializeOnLoadAttributes (162ms)
				ProcessInitializeOnLoadMethodAttributes (21ms)
				AfterProcessingInitializeOnLoad (1ms)
				EditorAssembliesLoaded (0ms)
			ExecutionOrderSort2 (0ms)
			AwakeInstancesAfterBackupRestoration (2ms)
Platform modules already initialized, skipping
Refreshing native plugins compatible for Editor in 2.26 ms, found 3 plugins.
Preloading 1 native plugins for Editor in 0.21 ms.
Unloading 4470 Unused Serialized files (Serialized files now loaded: 0)
Unloading 66 unused Assets / (5.6 MB). Loaded Objects now: 5011.
Memory consumption went from 305.6 MB to 300.0 MB.
Total: 3.513625 ms (FindLiveObjects: 0.167958 ms CreateObjectMapping: 0.059625 ms MarkObjects: 2.406250 ms  DeleteObjects: 0.879084 ms)

AssetImportParameters requested are different than current active one (requested -> active):
  custom:video-decoder-ogg-theora: a1e56fd34408186e4bbccfd4996cb3dc -> 
  custom:container-muxer-webm: aa71ff27fc2769a1b78a27578f13a17b -> 
  custom:container-demuxer-webm: 4f35f7cbe854078d1ac9338744f61a02 -> 
  custom:video-encoder-webm-vp8: eb34c28f22e8b96e1ab97ce403110664 -> 
  custom:framework-osx-AVFoundation: e770b220cccbd017edd2c1fefb359320 -> 
  custom:audio-encoder-webm-vorbis: bf7c407c2cedff20999df2af8eb42d56 -> 
  custom:container-demuxer-ogg: 62fdf1f143b41e24485cea50d1cbac27 -> 
  custom:video-decoder-webm-vp8: 9c59270c3fd7afecdb556c50c9e8de78 -> 
  custom:audio-decoder-ogg-vorbis: bf7c407c2cedff20999df2af8eb42d56 -> 
========================================================================
Received Prepare
Registering precompiled user dll's ...
Registered in 0.002224 seconds.
Begin MonoManager ReloadAssembly
Thread 0x16db13000 may have been prematurely finalized
Symbol file LoadedFromMemory doesn't match image /Users/kimsuyeon/Documents/code/Move and draw 복사본/Library/PackageCache/com.unity.visualscripting@1.8.0/Editor/VisualScripting.Core/Dependencies/DotNetZip/Unity.VisualScripting.IonicZip.dll
Symbol file LoadedFromMemory doesn't match image /Users/kimsuyeon/Documents/code/Move and draw 복사본/Library/PackageCache/com.unity.visualscripting@1.8.0/Editor/VisualScripting.Core/Dependencies/YamlDotNet/Unity.VisualScripting.YamlDotNet.dll
Native extension for OSXStandalone target not found
Refreshing native plugins compatible for Editor in 0.68 ms, found 3 plugins.
Preloading 1 native plugins for Editor in 0.24 ms.
Mono: successfully reloaded assembly
- Completed reload, in  0.721 seconds
Domain Reload Profiling:
	ReloadAssembly (722ms)
		BeginReloadAssembly (98ms)
			ExecutionOrderSort (0ms)
			DisableScriptedObjects (3ms)
			BackupInstance (0ms)
			ReleaseScriptingObjects (0ms)
			CreateAndSetChildDomain (41ms)
		EndReloadAssembly (564ms)
			LoadAssemblies (41ms)
			RebuildTransferFunctionScriptingTraits (0ms)
			SetupTypeCache (216ms)
			ReleaseScriptCaches (1ms)
			RebuildScriptCaches (32ms)
			SetupLoadedEditorAssemblies (233ms)
				LogAssemblyErrors (0ms)
				InitializePlatformSupportModulesInManaged (3ms)
				SetLoadedEditorAssemblies (0ms)
				RefreshPlugins (1ms)
				BeforeProcessingInitializeOnLoad (46ms)
				ProcessInitializeOnLoadAttributes (162ms)
				ProcessInitializeOnLoadMethodAttributes (21ms)
				AfterProcessingInitializeOnLoad (1ms)
				EditorAssembliesLoaded (0ms)
			ExecutionOrderSort2 (0ms)
			AwakeInstancesAfterBackupRestoration (2ms)
Platform modules already initialized, skipping
Refreshing native plugins compatible for Editor in 5.23 ms, found 3 plugins.
Preloading 1 native plugins for Editor in 0.24 ms.
Unloading 4470 Unused Serialized files (Serialized files now loaded: 0)
Unloading 66 unused Assets / (5.6 MB). Loaded Objects now: 5015.
Memory consumption went from 305.6 MB to 300.0 MB.
Total: 3.351209 ms (FindLiveObjects: 0.170542 ms CreateObjectMapping: 0.065333 ms MarkObjects: 2.356709 ms  DeleteObjects: 0.757958 ms)

AssetImportParameters requested are different than current active one (requested -> active):
  custom:video-decoder-ogg-theora: a1e56fd34408186e4bbccfd4996cb3dc -> 
  custom:container-muxer-webm: aa71ff27fc2769a1b78a27578f13a17b -> 
  custom:container-demuxer-webm: 4f35f7cbe854078d1ac9338744f61a02 -> 
  custom:video-encoder-webm-vp8: eb34c28f22e8b96e1ab97ce403110664 -> 
  custom:framework-osx-AVFoundation: e770b220cccbd017edd2c1fefb359320 -> 
  custom:audio-encoder-webm-vorbis: bf7c407c2cedff20999df2af8eb42d56 -> 
  custom:container-demuxer-ogg: 62fdf1f143b41e24485cea50d1cbac27 -> 
  custom:video-decoder-webm-vp8: 9c59270c3fd7afecdb556c50c9e8de78 -> 
  custom:audio-decoder-ogg-vorbis: bf7c407c2cedff20999df2af8eb42d56 -> 
========================================================================
Received Import Request.
  Time since last request: 857.988727 seconds.
  path: Assets/ColorPicker
  artifactKey: Guid(cf174e4d8cf14224b88ea72d356dac5e) Importer(815301076,1909f56bfc062723c751e8b465ee728b)
Start importing Assets/ColorPicker using Guid(cf174e4d8cf14224b88ea72d356dac5e) Importer(815301076,1909f56bfc062723c751e8b465ee728b)  -> (artifact id: '68e96cc619d9178e9c58270a9cfeb112') in 0.008185 seconds 
========================================================================
Received Import Request.
  Time since last request: 798.074412 seconds.
  path: Assets/Scenes/main 1.unity
  artifactKey: Guid(aa9a69f6ab5fd4c96afd48b605388cfc) Importer(815301076,1909f56bfc062723c751e8b465ee728b)
Start importing Assets/Scenes/main 1.unity using Guid(aa9a69f6ab5fd4c96afd48b605388cfc) Importer(815301076,1909f56bfc062723c751e8b465ee728b)  -> (artifact id: '55744bf6368aef8e1988353517410318') in 0.001768 seconds 
========================================================================
Received Import Request.
  Time since last request: 62.822999 seconds.
  path: Assets/Scenes/main 1.unity
  artifactKey: Guid(aa9a69f6ab5fd4c96afd48b605388cfc) Importer(815301076,1909f56bfc062723c751e8b465ee728b)
Start importing Assets/Scenes/main 1.unity using Guid(aa9a69f6ab5fd4c96afd48b605388cfc) Importer(815301076,1909f56bfc062723c751e8b465ee728b)  -> (artifact id: '0bd2ddaf21158b77cc6f2e98593c25e2') in 0.011222 seconds 
========================================================================
Received Import Request.
  Time since last request: 138.233009 seconds.
  path: Assets/Scenes/draw scene TEst.unity
  artifactKey: Guid(8c00cd1491a674ceb8b103fb34920d6b) Importer(815301076,1909f56bfc062723c751e8b465ee728b)
Start importing Assets/Scenes/draw scene TEst.unity using Guid(8c00cd1491a674ceb8b103fb34920d6b) Importer(815301076,1909f56bfc062723c751e8b465ee728b)  -> (artifact id: '796b0027289beb4bd470a7a66c3b2aff') in 0.000616 seconds 
